#
# There is insufficient memory for the Java Runtime Environment to continue.
# Native memory allocation (malloc) failed to allocate 1048576 bytes for AllocateHeap
# Possible reasons:
#   The system is out of physical RAM or swap space
#   In 32 bit mode, the process size limit was hit
# Possible solutions:
#   Reduce memory load on the system
#   Increase physical memory or swap space
#   Check if swap backing store is full
#   Use 64 bit Java on a 64 bit OS
#   Decrease Java heap size (-Xmx/-Xms)
#   Decrease number of Java threads
#   Decrease Java thread stack sizes (-Xss)
#   Set larger code cache with -XX:ReservedCodeCacheSize=
# This output file may be truncated or incomplete.
#
#  Out of Memory Error (memory/allocation.inline.hpp:61), pid=14136, tid=0x0000000000003570
#
# JRE version:  (8.0_111-b14) (build )
# Java VM: Java HotSpot(TM) 64-Bit Server VM (25.111-b14 mixed mode windows-amd64 compressed oops)
# Failed to write core dump. Minidumps are not enabled by default on client versions of Windows
#

---------------  T H R E A D  ---------------

Current thread (0x0000000002d01000):  JavaThread "Unknown thread" [_thread_in_vm, id=13680, stack(0x0000000002c00000,0x0000000002d00000)]

Stack: [0x0000000002c00000,0x0000000002d00000]
[error occurred during error reporting (printing stack bounds), id 0xc0000005]

Native frames: (J=compiled Java code, j=interpreted, Vv=VM code, C=native code)


---------------  P R O C E S S  ---------------

Java Threads: ( => current thread )

Other Threads:

=>0x0000000002d01000 (exited) JavaThread "Unknown thread" [_thread_in_vm, id=13680, stack(0x0000000002c00000,0x0000000002d00000)]

VM state:not at safepoint (normal execution)

VM Mutex/Monitor currently owned by a thread: None

Heap:
 PSYoungGen      total 18944K, used 327K [0x00000000eb200000, 0x00000000ec700000, 0x0000000100000000)
  eden space 16384K, 2% used [0x00000000eb200000,0x00000000eb251ec8,0x00000000ec200000)
  from space 2560K, 0% used [0x00000000ec480000,0x00000000ec480000,0x00000000ec700000)
  to   space 2560K, 0% used [0x00000000ec200000,0x00000000ec200000,0x00000000ec480000)
 ParOldGen       total 44032K, used 0K [0x00000000c1600000, 0x00000000c4100000, 0x00000000eb200000)
  object space 44032K, 0% used [0x00000000c1600000,0x00000000c1600000,0x00000000c4100000)
 Metaspace       used 770K, capacity 4480K, committed 4480K, reserved 1056768K
  class space    used 75K, capacity 384K, committed 384K, reserved 1048576K

Card table byte_map: [0x00000000121c0000,0x00000000123c0000] byte_map_base: 0x0000000011bb5000

Marking Bits: (ParMarkBitMap*) 0x000000006a2aa6c0
 Begin Bits: [0x0000000012910000, 0x00000000138b8000)
 End Bits:   [0x00000000138b8000, 0x0000000014860000)

Polling page: 0x0000000001340000

CodeCache: size=245760Kb used=328Kb max_used=328Kb free=245431Kb
 bounds [0x0000000002e00000, 0x0000000003070000, 0x0000000011e00000]
 total_blobs=58 nmethods=0 adapters=38
 compilation: enabled

Compilation events (0 events):
No events

GC Heap History (0 events):
No events

Deoptimization events (0 events):
No events

Internal exceptions (0 events):
No events

Events (10 events):
Event: 0.030 loading class java/lang/Short
Event: 0.030 loading class java/lang/Short done
Event: 0.030 loading class java/lang/Integer
Event: 0.031 loading class java/lang/Integer done
Event: 0.031 loading class java/lang/Long
Event: 0.031 loading class java/lang/Long done
Event: 0.031 loading class java/lang/NullPointerException
Event: 0.031 loading class java/lang/NullPointerException done
Event: 0.031 loading class java/lang/ArithmeticException
Event: 0.031 loading class java/lang/ArithmeticException done


Dynamic libraries:
0x00007ff71c960000 - 0x00007ff71c997000 	C:\Program Files\Java\jdk1.8.0_111\bin\java.exe
0x00007ffb879a0000 - 0x00007ffb87b90000 	C:\WINDOWS\SYSTEM32\ntdll.dll
0x00007ffb867b0000 - 0x00007ffb86862000 	C:\WINDOWS\System32\KERNEL32.DLL
0x00007ffb854d0000 - 0x00007ffb85775000 	C:\WINDOWS\System32\KERNELBASE.dll
0x00007ffb870d0000 - 0x00007ffb87173000 	C:\WINDOWS\System32\ADVAPI32.dll
0x00007ffb87030000 - 0x00007ffb870ce000 	C:\WINDOWS\System32\msvcrt.dll
0x00007ffb87810000 - 0x00007ffb878a7000 	C:\WINDOWS\System32\sechost.dll
0x00007ffb86450000 - 0x00007ffb86570000 	C:\WINDOWS\System32\RPCRT4.dll
0x00007ffb87180000 - 0x00007ffb87314000 	C:\WINDOWS\System32\USER32.dll
0x00007ffb84c70000 - 0x00007ffb84c91000 	C:\WINDOWS\System32\win32u.dll
0x00007ffb86be0000 - 0x00007ffb86c06000 	C:\WINDOWS\System32\GDI32.dll
0x00007ffb84910000 - 0x00007ffb84aa6000 	C:\WINDOWS\System32\gdi32full.dll
0x00007ffb85430000 - 0x00007ffb854ce000 	C:\WINDOWS\System32\msvcp_win.dll
0x00007ffb85920000 - 0x00007ffb85a1a000 	C:\WINDOWS\System32\ucrtbase.dll
0x00007ffb76570000 - 0x00007ffb767f4000 	C:\WINDOWS\WinSxS\amd64_microsoft.windows.common-controls_6595b64144ccf1df_6.0.18362.1256_none_9e7e379be45e40e2\COMCTL32.dll
0x00007ffb86c10000 - 0x00007ffb86f46000 	C:\WINDOWS\System32\combase.dll
0x00007ffb85830000 - 0x00007ffb858b1000 	C:\WINDOWS\System32\bcryptPrimitives.dll
0x00007ffb86220000 - 0x00007ffb8624e000 	C:\WINDOWS\System32\IMM32.DLL
0x00000000699b0000 - 0x0000000069a82000 	C:\Program Files\Java\jdk1.8.0_111\jre\bin\msvcr100.dll
0x0000000069a90000 - 0x000000006a32a000 	C:\Program Files\Java\jdk1.8.0_111\jre\bin\server\jvm.dll
0x00007ffb866d0000 - 0x00007ffb866d8000 	C:\WINDOWS\System32\PSAPI.DLL
0x00007ffb826d0000 - 0x00007ffb826f4000 	C:\WINDOWS\SYSTEM32\WINMM.dll
0x00007ffb7a8d0000 - 0x00007ffb7a8d9000 	C:\WINDOWS\SYSTEM32\WSOCK32.dll
0x00007ffb86f60000 - 0x00007ffb86fcf000 	C:\WINDOWS\System32\WS2_32.dll
0x00007ffb7c720000 - 0x00007ffb7c72a000 	C:\WINDOWS\SYSTEM32\VERSION.dll
0x00007ffb826a0000 - 0x00007ffb826cd000 	C:\WINDOWS\SYSTEM32\winmmbase.dll
0x00007ffb84ab0000 - 0x00007ffb84afa000 	C:\WINDOWS\System32\cfgmgr32.dll
0x0000000069960000 - 0x000000006996f000 	C:\Program Files\Java\jdk1.8.0_111\jre\bin\verify.dll
0x0000000069930000 - 0x0000000069959000 	C:\Program Files\Java\jdk1.8.0_111\jre\bin\java.dll
0x0000000069910000 - 0x0000000069926000 	C:\Program Files\Java\jdk1.8.0_111\jre\bin\zip.dll

VM Arguments:
jvm_args: -Dfile.encoding=UTF-8 
java_command: registrationform.RegistrationForm
java_class_path (initial): C:\Users\Muhammad Umer Zia\Documents\NetBeansProjects\RegistrationForm\build\classes
Launcher Type: SUN_STANDARD

Environment Variables:
PATH=C:\Program Files (x86)\Common Files\Oracle\Java\javapath;C:\ProgramData\Oracle\Java\javapath;C:\Program Files\Common Files\Oracle\Java\javapath;C:\WINDOWS\system32;C:\WINDOWS;C:\WINDOWS\System32\Wbem;C:\WINDOWS\System32\WindowsPowerShell\v1.0\;C:\WINDOWS\System32\OpenSSH\;C:\Users\Muhammad Umer Zia\AppData\Local\Microsoft\WindowsApps;;C:\Users\Muhammad Umer Zia\AppData\Local\Programs\Microsoft VS Code\bin
USERNAME=Muhammad Umer Zia
OS=Windows_NT
PROCESSOR_IDENTIFIER=Intel64 Family 6 Model 42 Stepping 7, GenuineIntel



---------------  S Y S T E M  ---------------

OS: Windows 10.0 , 64 bit Build 18362 (10.0.18362.1110)

CPU:total 4 (2 cores per cpu, 2 threads per core) family 6 model 42 stepping 7, cmov, cx8, fxsr, mmx, sse, sse2, sse3, ssse3, sse4.1, sse4.2, popcnt, avx, aes, clmul, ht, tsc, tscinvbit

Memory: 4k page, physical 4102508k(447776k free), swap 9345384k(5492k free)

vm_info: Java HotSpot(TM) 64-Bit Server VM (25.111-b14) for windows-amd64 JRE (1.8.0_111-b14), built on Sep 22 2016 19:24:05 by "java_re" with MS VC++ 10.0 (VS2010)

time: Sun Dec 13 20:21:52 2020
elapsed time: 0 seconds (0d 0h 0m 0s)

